\BOOKMARK [0][-]{chapter.1}{\376\377\000I\000n\000t\000r\000o\000d\000u\000c\000t\000i\000o\000n}{}% 1
\BOOKMARK [0][-]{chapter.1}{\376\377\000I\000n\000t\000r\000o\000d\000u\000c\000t\000i\000o\000n}{}% 2
\BOOKMARK [1][-]{section.1.1}{\376\377\000R\000e\000s\000e\000a\000r\000c\000h\000\040\000P\000r\000o\000b\000l\000e\000m\000\040\000a\000n\000d\000\040\000M\000o\000t\000i\000v\000a\000t\000i\000o\000n}{chapter.1}% 3
\BOOKMARK [1][-]{section.1.2}{\376\377\000O\000b\000j\000e\000c\000t\000i\000v\000e\000s\000\040\000a\000n\000d\000\040\000C\000o\000n\000t\000r\000i\000b\000u\000t\000i\000o\000n\000s}{chapter.1}% 4
\BOOKMARK [1][-]{section.1.3}{\376\377\000T\000h\000e\000s\000i\000s\000\040\000O\000r\000g\000a\000n\000i\000z\000a\000t\000i\000o\000n}{chapter.1}% 5
\BOOKMARK [0][-]{chapter.2}{\376\377\000B\000a\000c\000k\000g\000r\000o\000u\000n\000d\000\040\000a\000n\000d\000\040\000T\000h\000e\000o\000r\000e\000t\000i\000c\000a\000l\000\040\000F\000o\000u\000n\000d\000a\000t\000i\000o\000n\000s}{}% 6
\BOOKMARK [1][-]{section.2.1}{\376\377\000A\000D\000M\000E\000-\000T\000o\000x\000\040\000E\000n\000d\000p\000o\000i\000n\000t\000s\000\040\000i\000n\000\040\000E\000a\000r\000l\000y\000\040\000D\000r\000u\000g\000\040\000D\000i\000s\000c\000o\000v\000e\000r\000y}{chapter.2}% 7
\BOOKMARK [1][-]{section.2.2}{\376\377\000M\000u\000l\000t\000i\000-\000T\000a\000s\000k\000\040\000L\000e\000a\000r\000n\000i\000n\000g}{chapter.2}% 8
\BOOKMARK [1][-]{section.2.3}{\376\377\000G\000r\000a\000p\000h\000\040\000N\000e\000u\000r\000a\000l\000\040\000N\000e\000t\000w\000o\000r\000k\000s\000\040\000f\000o\000r\000\040\000M\000o\000l\000e\000c\000u\000l\000a\000r\000\040\000M\000o\000d\000e\000l\000i\000n\000g}{chapter.2}% 9
\BOOKMARK [1][-]{section.2.4}{\376\377\000P\000K\000-\000P\000D\000\040\000M\000o\000d\000e\000l\000i\000n\000g\000\040\000w\000i\000t\000h\000\040\000O\000D\000E\000s}{chapter.2}% 10
\BOOKMARK [1][-]{section.2.5}{\376\377\000C\000a\000l\000i\000b\000r\000a\000t\000i\000o\000n\000\040\000a\000n\000d\000\040\000D\000e\000c\000i\000s\000i\000o\000n\000\040\000R\000e\000l\000i\000a\000b\000i\000l\000i\000t\000y}{chapter.2}% 11
\BOOKMARK [0][-]{chapter.3}{\376\377\000R\000e\000l\000a\000t\000e\000d\000\040\000W\000o\000r\000k\000\040\000a\000n\000d\000\040\000R\000e\000s\000e\000a\000r\000c\000h\000\040\000G\000a\000p}{}% 12
\BOOKMARK [0][-]{chapter.4}{\376\377\000P\000r\000o\000b\000l\000e\000m\000\040\000F\000o\000r\000m\000u\000l\000a\000t\000i\000o\000n\000,\000\040\000O\000b\000j\000e\000c\000t\000i\000v\000e\000s\000,\000\040\000a\000n\000d\000\040\000S\000c\000o\000p\000e}{}% 13
\BOOKMARK [1][-]{section.4.1}{\376\377\000T\000a\000s\000k\000\040\000D\000e\000f\000i\000n\000i\000t\000i\000o\000n\000s}{chapter.4}% 14
\BOOKMARK [1][-]{section.4.2}{\376\377\000E\000v\000a\000l\000u\000a\000t\000i\000o\000n\000\040\000M\000e\000t\000r\000i\000c\000s}{chapter.4}% 15
\BOOKMARK [1][-]{section.4.3}{\376\377\000S\000c\000o\000p\000e\000\040\000a\000n\000d\000\040\000C\000o\000n\000s\000t\000r\000a\000i\000n\000t\000s}{chapter.4}% 16
\BOOKMARK [0][-]{chapter.5}{\376\377\000D\000a\000t\000a\000\040\000S\000o\000u\000r\000c\000e\000s\000,\000\040\000C\000u\000r\000a\000t\000i\000o\000n\000,\000\040\000a\000n\000d\000\040\000P\000r\000e\000p\000r\000o\000c\000e\000s\000s\000i\000n\000g}{}% 17
\BOOKMARK [1][-]{section.5.1}{\376\377\000O\000v\000e\000r\000v\000i\000e\000w\000\040\000o\000f\000\040\000D\000a\000t\000a\000\040\000A\000c\000q\000u\000i\000s\000i\000t\000i\000o\000n\000\040\000P\000i\000p\000e\000l\000i\000n\000e}{chapter.5}% 18
\BOOKMARK [1][-]{section.5.2}{\376\377\000D\000a\000t\000a\000\040\000S\000o\000u\000r\000c\000e\000s\000\040\000a\000n\000d\000\040\000A\000c\000q\000u\000i\000s\000i\000t\000i\000o\000n\000\040\000S\000t\000r\000a\000t\000e\000g\000y}{chapter.5}% 19
\BOOKMARK [2][-]{subsection.5.2.1}{\376\377\000P\000i\000p\000e\000l\000i\000n\000e\000\040\000A\000r\000c\000h\000i\000t\000e\000c\000t\000u\000r\000e}{section.5.2}% 20
\BOOKMARK [2][-]{subsection.5.2.2}{\376\377\000P\000u\000b\000C\000h\000e\000m\000:\000\040\000A\000s\000s\000a\000y\000s\000\040\000a\000n\000d\000\040\000E\000x\000e\000m\000p\000l\000a\000r\000\040\000C\000o\000m\000p\000o\000u\000n\000d\000s}{section.5.2}% 21
\BOOKMARK [2][-]{subsection.5.2.3}{\376\377\000P\000K\000-\000D\000B\000:\000\040\000P\000h\000a\000r\000m\000a\000c\000o\000k\000i\000n\000e\000t\000i\000c\000\040\000S\000t\000u\000d\000i\000e\000s\000\040\000a\000n\000d\000\040\000P\000a\000r\000a\000m\000e\000t\000e\000r\000s}{section.5.2}% 22
\BOOKMARK [2][-]{subsection.5.2.4}{\376\377\000T\000D\000C\000\040\000\050\000T\000h\000e\000r\000a\000p\000e\000u\000t\000i\000c\000s\000\040\000D\000a\000t\000a\000\040\000C\000o\000m\000m\000o\000n\000s\000\051\000:\000\040\000A\000D\000M\000E\000T\000\040\000B\000e\000n\000c\000h\000m\000a\000r\000k\000s}{section.5.2}% 23
\BOOKMARK [2][-]{subsection.5.2.5}{\376\377\000C\000h\000E\000M\000B\000L\000:\000\040\000B\000i\000n\000d\000i\000n\000g\000\040\000A\000f\000f\000i\000n\000i\000t\000y\000\040\000a\000n\000d\000\040\000M\000o\000l\000e\000c\000u\000l\000a\000r\000\040\000D\000i\000v\000e\000r\000s\000i\000t\000y}{section.5.2}% 24
\BOOKMARK [2][-]{subsection.5.2.6}{\376\377\000T\000o\000x\000C\000a\000s\000t\000\040\000a\000n\000d\000\040\000T\000o\000x\0002\0001\000:\000\040\000H\000i\000g\000h\000-\000T\000h\000r\000o\000u\000g\000h\000p\000u\000t\000\040\000T\000o\000x\000i\000c\000i\000t\000y\000\040\000S\000c\000r\000e\000e\000n\000i\000n\000g}{section.5.2}% 25
\BOOKMARK [1][-]{section.5.3}{\376\377\000S\000u\000m\000m\000a\000r\000y\000\040\000o\000f\000\040\000D\000a\000t\000a\000s\000e\000t\000\040\000C\000o\000m\000p\000o\000s\000i\000t\000i\000o\000n}{chapter.5}% 26
\BOOKMARK [1][-]{section.5.4}{\376\377\000T\000e\000c\000h\000n\000i\000c\000a\000l\000\040\000S\000p\000e\000c\000i\000f\000i\000c\000a\000t\000i\000o\000n\000s\000:\000\040\000A\000P\000I\000s\000,\000\040\000C\000o\000n\000f\000i\000g\000u\000r\000a\000t\000i\000o\000n\000,\000\040\000a\000n\000d\000\040\000D\000o\000w\000n\000l\000o\000a\000d\000\040\000S\000e\000t\000t\000i\000n\000g\000s}{chapter.5}% 27
\BOOKMARK [2][-]{subsection.5.4.1}{\376\377\000A\000P\000I\000\040\000E\000n\000d\000p\000o\000i\000n\000t\000s\000\040\000a\000n\000d\000\040\000R\000e\000q\000u\000e\000s\000t\000\040\000P\000a\000r\000a\000m\000e\000t\000e\000r\000s}{section.5.4}% 28
\BOOKMARK [2][-]{subsection.5.4.2}{\376\377\000D\000o\000w\000n\000l\000o\000a\000d\000\040\000C\000o\000n\000f\000i\000g\000u\000r\000a\000t\000i\000o\000n\000\040\000P\000a\000r\000a\000m\000e\000t\000e\000r\000s}{section.5.4}% 29
\BOOKMARK [2][-]{subsection.5.4.3}{\376\377\000F\000i\000l\000e\000\040\000S\000y\000s\000t\000e\000m\000\040\000O\000r\000g\000a\000n\000i\000z\000a\000t\000i\000o\000n}{section.5.4}% 30
\BOOKMARK [1][-]{section.5.5}{\376\377\000D\000a\000t\000a\000\040\000V\000a\000l\000i\000d\000a\000t\000i\000o\000n\000\040\000a\000n\000d\000\040\000Q\000u\000a\000l\000i\000t\000y\000\040\000A\000s\000s\000u\000r\000a\000n\000c\000e}{chapter.5}% 31
\BOOKMARK [2][-]{subsection.5.5.1}{\376\377\000V\000a\000l\000i\000d\000a\000t\000i\000o\000n\000\040\000C\000h\000e\000c\000k\000s\000\040\000i\000n\000\040\000t\000h\000e\000\040\000P\000i\000p\000e\000l\000i\000n\000e}{section.5.5}% 32
\BOOKMARK [2][-]{subsection.5.5.2}{\376\377\000C\000r\000i\000t\000i\000c\000a\000l\000\040\000F\000i\000l\000e\000s\000\040\000f\000o\000r\000\040\000D\000o\000w\000n\000s\000t\000r\000e\000a\000m\000\040\000M\000o\000d\000e\000l\000i\000n\000g}{section.5.5}% 33
\BOOKMARK [1][-]{section.5.6}{\376\377\000E\000x\000p\000l\000o\000r\000a\000t\000o\000r\000y\000\040\000D\000a\000t\000a\000\040\000A\000n\000a\000l\000y\000s\000i\000s\000\040\000a\000n\000d\000\040\000D\000a\000t\000a\000\040\000Q\000u\000a\000l\000i\000t\000y\000\040\000A\000s\000s\000e\000s\000s\000m\000e\000n\000t}{chapter.5}% 34
\BOOKMARK [2][-]{subsection.5.6.1}{\376\377\000D\000a\000t\000a\000s\000e\000t\000\040\000L\000o\000a\000d\000i\000n\000g\000\040\000a\000n\000d\000\040\000C\000o\000m\000p\000o\000s\000i\000t\000i\000o\000n}{section.5.6}% 35
\BOOKMARK [2][-]{subsection.5.6.2}{\376\377\000C\000h\000E\000M\000B\000L\000\040\000B\000i\000n\000d\000i\000n\000g\000\040\000A\000f\000f\000i\000n\000i\000t\000y\000\040\000A\000n\000a\000l\000y\000s\000i\000s}{section.5.6}% 36
\BOOKMARK [2][-]{subsection.5.6.3}{\376\377\000T\000o\000x\000C\000a\000s\000t\000\040\000T\000o\000x\000i\000c\000i\000t\000y\000\040\000A\000s\000s\000e\000s\000s\000m\000e\000n\000t}{section.5.6}% 37
\BOOKMARK [2][-]{subsection.5.6.4}{\376\377\000T\000D\000C\000\040\000A\000D\000M\000E\000T\000\040\000P\000r\000o\000p\000e\000r\000t\000i\000e\000s\000\040\000A\000n\000a\000l\000y\000s\000i\000s}{section.5.6}% 38
\BOOKMARK [2][-]{subsection.5.6.5}{\376\377\000P\000h\000a\000r\000m\000a\000c\000o\000k\000i\000n\000e\000t\000i\000c\000\040\000S\000t\000u\000d\000i\000e\000s\000\040\000\050\000P\000K\000-\000D\000B\000\051}{section.5.6}% 39
\BOOKMARK [2][-]{subsection.5.6.6}{\376\377\000D\000a\000t\000a\000\040\000Q\000u\000a\000l\000i\000t\000y\000\040\000a\000n\000d\000\040\000I\000n\000t\000e\000g\000r\000i\000t\000y\000\040\000A\000s\000s\000e\000s\000s\000m\000e\000n\000t}{section.5.6}% 40
\BOOKMARK [2][-]{subsection.5.6.7}{\376\377\000M\000u\000l\000t\000i\000-\000T\000a\000s\000k\000\040\000L\000e\000a\000r\000n\000i\000n\000g\000\040\000D\000a\000t\000a\000s\000e\000t\000\040\000A\000s\000s\000e\000m\000b\000l\000y}{section.5.6}% 41
\BOOKMARK [2][-]{subsection.5.6.8}{\376\377\000F\000e\000a\000t\000u\000r\000e\000\040\000P\000r\000e\000p\000r\000o\000c\000e\000s\000s\000i\000n\000g\000\040\000a\000n\000d\000\040\000N\000o\000r\000m\000a\000l\000i\000z\000a\000t\000i\000o\000n}{section.5.6}% 42
\BOOKMARK [1][-]{section.5.7}{\376\377\000F\000e\000a\000t\000u\000r\000e\000\040\000E\000n\000g\000i\000n\000e\000e\000r\000i\000n\000g}{chapter.5}% 43
\BOOKMARK [2][-]{subsection.5.7.1}{\376\377\000M\000o\000l\000e\000c\000u\000l\000a\000r\000\040\000R\000e\000p\000r\000e\000s\000e\000n\000t\000a\000t\000i\000o\000n\000s\000\040\000a\000n\000d\000\040\000F\000e\000a\000t\000u\000r\000e\000\040\000S\000p\000a\000c\000e\000\040\000D\000e\000s\000i\000g\000n}{section.5.7}% 44
\BOOKMARK [2][-]{subsection.5.7.2}{\376\377\000T\000a\000s\000k\000-\000S\000p\000e\000c\000i\000f\000i\000c\000\040\000F\000e\000a\000t\000u\000r\000e\000\040\000S\000e\000t\000s\000\040\000a\000n\000d\000\040\000M\000u\000l\000t\000i\000-\000T\000a\000s\000k\000\040\000I\000n\000t\000e\000g\000r\000a\000t\000i\000o\000n}{section.5.7}% 45
\BOOKMARK [2][-]{subsection.5.7.3}{\376\377\000D\000o\000c\000k\000i\000n\000g\000-\000D\000e\000r\000i\000v\000e\000d\000\040\000B\000r\000i\000d\000g\000e\000\040\000S\000i\000g\000n\000a\000l\000\040\000\050\000R\000a\000p\000i\000d\000D\000o\000c\000k\000\040\000P\000r\000o\000t\000o\000t\000y\000p\000e\000\051}{section.5.7}% 46
\BOOKMARK [2][-]{subsection.5.7.4}{\376\377\000F\000e\000a\000t\000u\000r\000e\000\040\000S\000t\000o\000r\000a\000g\000e\000\040\000a\000n\000d\000\040\000R\000e\000u\000s\000a\000b\000i\000l\000i\000t\000y}{section.5.7}% 47
\BOOKMARK [2][-]{subsection.5.7.5}{\376\377\000H\000y\000p\000e\000r\000p\000a\000r\000a\000m\000e\000t\000e\000r\000\040\000C\000o\000n\000f\000i\000g\000u\000r\000a\000t\000i\000o\000n}{section.5.7}% 48
\BOOKMARK [2][-]{subsection.5.7.6}{\376\377\000D\000a\000t\000a\000\040\000Q\000u\000a\000l\000i\000t\000y\000\040\000G\000a\000t\000e}{section.5.7}% 49
\BOOKMARK [1][-]{section.5.8}{\376\377\000Q\000u\000a\000l\000i\000t\000y\000\040\000C\000o\000n\000t\000r\000o\000l\000\040\000a\000n\000d\000\040\000S\000p\000l\000i\000t\000\040\000S\000t\000r\000a\000t\000e\000g\000y}{chapter.5}% 50
\BOOKMARK [2][-]{subsection.5.8.1}{\376\377\000Q\000u\000a\000l\000i\000t\000y\000\040\000C\000o\000n\000t\000r\000o\000l\000\040\000P\000r\000o\000c\000e\000d\000u\000r\000e\000s}{section.5.8}% 51
\BOOKMARK [2][-]{subsection.5.8.2}{\376\377\000T\000r\000a\000i\000n\000/\000V\000a\000l\000i\000d\000a\000t\000i\000o\000n\000/\000T\000e\000s\000t\000\040\000S\000p\000l\000i\000t\000\040\000S\000t\000r\000a\000t\000e\000g\000y}{section.5.8}% 52
\BOOKMARK [2][-]{subsection.5.8.3}{\376\377\000M\000e\000t\000a\000d\000a\000t\000a\000\040\000a\000n\000d\000\040\000P\000r\000o\000v\000e\000n\000a\000n\000c\000e\000\040\000T\000r\000a\000c\000k\000i\000n\000g}{section.5.8}% 53
\BOOKMARK [0][-]{chapter.6}{\376\377\000M\000e\000t\000h\000o\000d\000o\000l\000o\000g\000y\000\040\000a\000n\000d\000\040\000M\000o\000d\000e\000l\000\040\000A\000r\000c\000h\000i\000t\000e\000c\000t\000u\000r\000e}{}% 54
\BOOKMARK [1][-]{section.6.1}{\376\377\000E\000x\000p\000l\000o\000r\000a\000t\000o\000r\000y\000\040\000D\000a\000t\000a\000\040\000A\000n\000a\000l\000y\000s\000i\000s\000\040\000M\000e\000t\000h\000o\000d\000s}{chapter.6}% 55
\BOOKMARK [2][-]{subsection.6.1.1}{\376\377\000D\000e\000s\000c\000r\000i\000p\000t\000i\000v\000e\000\040\000S\000t\000a\000t\000i\000s\000t\000i\000c\000a\000l\000\040\000A\000n\000a\000l\000y\000s\000i\000s}{section.6.1}% 56
\BOOKMARK [2][-]{subsection.6.1.2}{\376\377\000D\000i\000s\000t\000r\000i\000b\000u\000t\000i\000o\000n\000\040\000V\000i\000s\000u\000a\000l\000i\000z\000a\000t\000i\000o\000n}{section.6.1}% 57
\BOOKMARK [2][-]{subsection.6.1.3}{\376\377\000D\000a\000t\000a\000\040\000Q\000u\000a\000l\000i\000t\000y\000\040\000C\000h\000e\000c\000k\000s}{section.6.1}% 58
\BOOKMARK [1][-]{section.6.2}{\376\377\000M\000u\000l\000t\000i\000-\000T\000a\000s\000k\000\040\000L\000e\000a\000r\000n\000i\000n\000g\000\040\000A\000r\000c\000h\000i\000t\000e\000c\000t\000u\000r\000e}{chapter.6}% 59
\BOOKMARK [2][-]{subsection.6.2.1}{\376\377\000S\000h\000a\000r\000e\000d\000\040\000E\000n\000c\000o\000d\000e\000r\000\040\000D\000e\000s\000i\000g\000n}{section.6.2}% 60
\BOOKMARK [2][-]{subsection.6.2.2}{\376\377\000T\000a\000s\000k\000-\000S\000p\000e\000c\000i\000f\000i\000c\000\040\000H\000e\000a\000d\000s}{section.6.2}% 61
\BOOKMARK [2][-]{subsection.6.2.3}{\376\377\000M\000u\000l\000t\000i\000-\000T\000a\000s\000k\000\040\000L\000o\000s\000s\000\040\000F\000u\000n\000c\000t\000i\000o\000n}{section.6.2}% 62
\BOOKMARK [1][-]{section.6.3}{\376\377\000F\000u\000l\000l\000\040\000M\000u\000l\000t\000i\000-\000T\000a\000s\000k\000\040\000N\000e\000u\000r\000a\000l\000\040\000O\000D\000E\000\040\000A\000r\000c\000h\000i\000t\000e\000c\000t\000u\000r\000e}{chapter.6}% 63
\BOOKMARK [2][-]{subsection.6.3.1}{\376\377\000O\000b\000j\000e\000c\000t\000i\000v\000e\000s\000\040\000a\000n\000d\000\040\000T\000a\000r\000g\000e\000t\000\040\000M\000e\000t\000r\000i\000c\000s}{section.6.3}% 64
\BOOKMARK [2][-]{subsection.6.3.2}{\376\377\000R\000a\000p\000i\000d\000D\000o\000c\000k\000\040\000B\000r\000i\000d\000g\000e\000\040\000F\000e\000a\000t\000u\000r\000e\000\040\000A\000u\000g\000m\000e\000n\000t\000a\000t\000i\000o\000n}{section.6.3}% 65
\BOOKMARK [2][-]{subsection.6.3.3}{\376\377\000L\000a\000y\000e\000r\000-\000b\000y\000-\000L\000a\000y\000e\000r\000\040\000A\000r\000c\000h\000i\000t\000e\000c\000t\000u\000r\000e}{section.6.3}% 66
\BOOKMARK [2][-]{subsection.6.3.4}{\376\377\000T\000r\000a\000i\000n\000i\000n\000g\000\040\000L\000o\000o\000p\000\040\000D\000e\000s\000i\000g\000n}{section.6.3}% 67
\BOOKMARK [2][-]{subsection.6.3.5}{\376\377\000L\000o\000s\000s\000\040\000F\000u\000n\000c\000t\000i\000o\000n}{section.6.3}% 68
\BOOKMARK [2][-]{subsection.6.3.6}{\376\377\000V\000a\000l\000i\000d\000a\000t\000i\000o\000n\000\040\000a\000n\000d\000\040\000T\000h\000r\000e\000s\000h\000o\000l\000d\000\040\000S\000e\000l\000e\000c\000t\000i\000o\000n}{section.6.3}% 69
\BOOKMARK [1][-]{section.6.4}{\376\377\000F\000i\000n\000e\000-\000T\000u\000n\000i\000n\000g\000,\000\040\000C\000a\000l\000i\000b\000r\000a\000t\000i\000o\000n\000,\000\040\000a\000n\000d\000\040\000L\000e\000a\000k\000a\000g\000e\000\040\000M\000i\000t\000i\000g\000a\000t\000i\000o\000n}{chapter.6}% 70
\BOOKMARK [2][-]{subsection.6.4.1}{\376\377\000T\000a\000s\000k\000-\000S\000p\000e\000c\000i\000f\000i\000c\000\040\000F\000i\000n\000e\000-\000T\000u\000n\000i\000n\000g\000\040\000\050\000V\000a\000r\000i\000a\000n\000t\000s\000\040\0001\000\040\000a\000n\000d\000\040\0002\000\051}{section.6.4}% 71
\BOOKMARK [2][-]{subsection.6.4.2}{\376\377\000T\000h\000r\000e\000s\000h\000o\000l\000d\000\040\000C\000a\000l\000i\000b\000r\000a\000t\000i\000o\000n}{section.6.4}% 72
\BOOKMARK [2][-]{subsection.6.4.3}{\376\377\000S\000p\000l\000i\000t\000-\000L\000e\000a\000k\000a\000g\000e\000\040\000M\000i\000t\000i\000g\000a\000t\000i\000o\000n}{section.6.4}% 73
\BOOKMARK [1][-]{section.6.5}{\376\377\000F\000i\000n\000g\000e\000r\000p\000r\000i\000n\000t\000\040\000U\000p\000g\000r\000a\000d\000e\000:\000\040\000F\000r\000o\000m\000\040\000S\000y\000n\000t\000h\000e\000t\000i\000c\000\040\000t\000o\000\040\000R\000e\000a\000l\000\040\000S\000M\000I\000L\000E\000S}{chapter.6}% 74
\BOOKMARK [2][-]{subsection.6.5.1}{\376\377\000M\000o\000t\000i\000v\000a\000t\000i\000o\000n\000\040\000f\000o\000r\000\040\000F\000i\000n\000g\000e\000r\000p\000r\000i\000n\000t\000\040\000U\000p\000g\000r\000a\000d\000e}{section.6.5}% 75
\BOOKMARK [2][-]{subsection.6.5.2}{\376\377\0002\0000\0004\0008\000-\000B\000i\000t\000\040\000R\000e\000a\000l\000-\000S\000M\000I\000L\000E\000S\000\040\000U\000p\000g\000r\000a\000d\000e}{section.6.5}% 76
\BOOKMARK [2][-]{subsection.6.5.3}{\376\377\000R\000e\000a\000l\000\040\000B\000i\000n\000d\000i\000n\000g\000\040\000S\000M\000I\000L\000E\000S\000\040\000a\000n\000d\000\040\000C\000h\000E\000M\000B\000L\000\040\000I\000n\000t\000e\000g\000r\000a\000t\000i\000o\000n}{section.6.5}% 77
\BOOKMARK [1][-]{section.6.6}{\376\377\000F\000i\000n\000e\000-\000T\000u\000n\000i\000n\000g\000\040\000S\000t\000r\000a\000t\000e\000g\000y}{chapter.6}% 78
\BOOKMARK [2][-]{subsection.6.6.1}{\376\377\000h\000E\000R\000G\000\040\000A\000U\000R\000O\000C\000\040\000P\000u\000s\000h\000\040\000\050\000h\000i\000d\000d\000e\000n\000\137\000d\000i\000m\000=\0002\0005\0006\000\040\000+\000\040\000p\000o\000s\000\137\000w\000e\000i\000g\000h\000t\000\040\000s\000w\000e\000e\000p\000\051}{section.6.6}% 79
\BOOKMARK [1][-]{section.6.7}{\376\377\000G\000r\000a\000p\000h\000\040\000E\000n\000c\000o\000d\000e\000r\000\040\000a\000n\000d\000\040\000F\000u\000s\000i\000o\000n\000\040\000A\000r\000c\000h\000i\000t\000e\000c\000t\000u\000r\000e}{chapter.6}% 80
\BOOKMARK [2][-]{subsection.6.7.1}{\376\377\000P\000u\000r\000e\000-\000P\000y\000T\000o\000r\000c\000h\000\040\000G\000N\000N\000\040\000M\000o\000l\000e\000c\000u\000l\000a\000r\000\040\000E\000n\000c\000o\000d\000e\000r}{section.6.7}% 81
\BOOKMARK [2][-]{subsection.6.7.2}{\376\377\000E\000n\000d\000-\000t\000o\000-\000E\000n\000d\000\040\000J\000o\000i\000n\000t\000\040\000G\000N\000N\000\040\000a\000n\000d\000\040\000M\000L\000P\000\040\000F\000u\000s\000i\000o\000n}{section.6.7}% 82
\BOOKMARK [1][-]{section.6.8}{\376\377\000N\000e\000u\000r\000a\000l\000\040\000O\000D\000E\000\040\000P\000K\000-\000P\000D\000\040\000I\000n\000t\000e\000g\000r\000a\000t\000i\000o\000n}{chapter.6}% 83
\BOOKMARK [2][-]{subsection.6.8.1}{\376\377\000M\000e\000c\000h\000a\000n\000i\000s\000t\000i\000c\000\040\000S\000i\000m\000u\000l\000a\000t\000i\000o\000n\000\040\000D\000e\000s\000i\000g\000n}{section.6.8}% 84
\BOOKMARK [1][-]{section.6.9}{\376\377\000P\000r\000o\000b\000a\000b\000i\000l\000i\000t\000y\000\040\000C\000a\000l\000i\000b\000r\000a\000t\000i\000o\000n}{chapter.6}% 85
\BOOKMARK [2][-]{subsection.6.9.1}{\376\377\000T\000e\000m\000p\000e\000r\000a\000t\000u\000r\000e\000\040\000S\000c\000a\000l\000i\000n\000g\000\040\000a\000n\000d\000\040\000P\000l\000a\000t\000t\000\040\000S\000c\000a\000l\000i\000n\000g}{section.6.9}% 86
\BOOKMARK [1][-]{section.6.10}{\376\377\000R\000a\000p\000i\000d\000D\000o\000c\000k\000-\000I\000n\000s\000p\000i\000r\000e\000d\000\040\000A\000l\000t\000e\000r\000n\000a\000t\000i\000v\000e\000\040\000B\000r\000a\000n\000c\000h}{chapter.6}% 87
\BOOKMARK [2][-]{subsection.6.10.1}{\376\377\000I\000n\000p\000u\000t\000\040\000R\000e\000p\000r\000e\000s\000e\000n\000t\000a\000t\000i\000o\000n\000\040\000a\000n\000d\000\040\000D\000a\000t\000a\000\040\000P\000i\000p\000e\000l\000i\000n\000e}{section.6.10}% 88
\BOOKMARK [2][-]{subsection.6.10.2}{\376\377\000D\000i\000s\000t\000a\000n\000c\000e\000-\000B\000i\000a\000s\000e\000d\000\040\000M\000u\000l\000t\000i\000-\000H\000e\000a\000d\000\040\000A\000t\000t\000e\000n\000t\000i\000o\000n}{section.6.10}% 89
\BOOKMARK [2][-]{subsection.6.10.3}{\376\377\000A\000r\000c\000h\000i\000t\000e\000c\000t\000u\000r\000e\000:\000\040\000R\000a\000p\000i\000d\000D\000o\000c\000k\000P\000r\000o\000t\000o\000t\000y\000p\000e}{section.6.10}% 90
\BOOKMARK [2][-]{subsection.6.10.4}{\376\377\000S\000y\000m\000m\000e\000t\000r\000y\000-\000A\000w\000a\000r\000e\000\040\000L\000o\000s\000s}{section.6.10}% 91
\BOOKMARK [2][-]{subsection.6.10.5}{\376\377\000L\000i\000g\000a\000n\000d\000\040\000C\000o\000o\000r\000d\000i\000n\000a\000t\000e\000\040\000R\000e\000c\000o\000n\000s\000t\000r\000u\000c\000t\000i\000o\000n\000\040\000\050\000L\000-\000B\000F\000G\000S\000\051}{section.6.10}% 92
\BOOKMARK [0][-]{chapter.7}{\376\377\000E\000x\000p\000e\000r\000i\000m\000e\000n\000t\000a\000l\000\040\000S\000e\000t\000u\000p\000\040\000a\000n\000d\000\040\000P\000r\000o\000t\000o\000c\000o\000l}{}% 93
\BOOKMARK [1][-]{section.7.1}{\376\377\000E\000n\000v\000i\000r\000o\000n\000m\000e\000n\000t\000\040\000a\000n\000d\000\040\000R\000e\000p\000r\000o\000d\000u\000c\000i\000b\000i\000l\000i\000t\000y}{chapter.7}% 94
\BOOKMARK [1][-]{section.7.2}{\376\377\000T\000r\000a\000i\000n\000i\000n\000g\000\040\000P\000r\000o\000t\000o\000c\000o\000l}{chapter.7}% 95
\BOOKMARK [1][-]{section.7.3}{\376\377\000E\000x\000p\000e\000r\000i\000m\000e\000n\000t\000a\000l\000\040\000S\000e\000q\000u\000e\000n\000c\000e}{chapter.7}% 96
\BOOKMARK [1][-]{section.7.4}{\376\377\000R\000a\000p\000i\000d\000D\000o\000c\000k\000\040\000P\000r\000o\000t\000o\000t\000y\000p\000e\000\040\000P\000r\000o\000t\000o\000c\000o\000l}{chapter.7}% 97
\BOOKMARK [0][-]{chapter.8}{\376\377\000R\000e\000s\000u\000l\000t\000s}{}% 98
\BOOKMARK [1][-]{section.8.1}{\376\377\000E\000x\000p\000l\000o\000r\000a\000t\000o\000r\000y\000\040\000D\000a\000t\000a\000\040\000A\000n\000a\000l\000y\000s\000i\000s\000\040\000F\000i\000n\000d\000i\000n\000g\000s}{chapter.8}% 99
\BOOKMARK [2][-]{subsection.8.1.1}{\376\377\000D\000a\000t\000a\000\040\000Q\000u\000a\000l\000i\000t\000y\000\040\000a\000n\000d\000\040\000C\000o\000m\000p\000l\000e\000t\000e\000n\000e\000s\000s}{section.8.1}% 100
\BOOKMARK [2][-]{subsection.8.1.2}{\376\377\000B\000i\000n\000d\000i\000n\000g\000\040\000A\000f\000f\000i\000n\000i\000t\000y\000\040\000D\000a\000t\000a\000s\000e\000t\000\040\000C\000h\000a\000r\000a\000c\000t\000e\000r\000i\000s\000t\000i\000c\000s}{section.8.1}% 101
\BOOKMARK [2][-]{subsection.8.1.3}{\376\377\000A\000D\000M\000E\000T\000\040\000P\000r\000o\000p\000e\000r\000t\000y\000\040\000D\000i\000s\000t\000r\000i\000b\000u\000t\000i\000o\000n\000s}{section.8.1}% 102
\BOOKMARK [2][-]{subsection.8.1.4}{\376\377\000T\000o\000x\000i\000c\000i\000t\000y\000\040\000R\000i\000s\000k\000\040\000S\000t\000r\000a\000t\000i\000f\000i\000c\000a\000t\000i\000o\000n}{section.8.1}% 103
\BOOKMARK [2][-]{subsection.8.1.5}{\376\377\000M\000u\000l\000t\000i\000-\000T\000a\000s\000k\000\040\000D\000a\000t\000a\000s\000e\000t\000\040\000A\000s\000s\000e\000m\000b\000l\000y\000\040\000Q\000u\000a\000l\000i\000t\000y}{section.8.1}% 104
\BOOKMARK [1][-]{section.8.2}{\376\377\000B\000a\000s\000e\000l\000i\000n\000e\000\040\000M\000u\000l\000t\000i\000-\000T\000a\000s\000k\000\040\000M\000o\000d\000e\000l\000\040\000R\000e\000s\000u\000l\000t\000s}{chapter.8}% 105
\BOOKMARK [1][-]{section.8.3}{\376\377\000F\000i\000n\000e\000-\000T\000u\000n\000i\000n\000g\000\040\000a\000n\000d\000\040\000L\000e\000a\000k\000a\000g\000e\000\040\000M\000i\000t\000i\000g\000a\000t\000i\000o\000n\000\040\000R\000e\000s\000u\000l\000t\000s}{chapter.8}% 106
\BOOKMARK [2][-]{subsection.8.3.1}{\376\377\000F\000i\000n\000e\000-\000T\000u\000n\000i\000n\000g\000\040\000V\000a\000r\000i\000a\000n\000t\000s\000:\000\040\000C\000o\000m\000p\000a\000r\000i\000s\000o\000n}{section.8.3}% 107
\BOOKMARK [2][-]{subsection.8.3.2}{\376\377\000T\000h\000r\000e\000s\000h\000o\000l\000d\000\040\000C\000a\000l\000i\000b\000r\000a\000t\000i\000o\000n\000\040\000O\000u\000t\000c\000o\000m\000e\000s}{section.8.3}% 108
\BOOKMARK [2][-]{subsection.8.3.3}{\376\377\000S\000p\000l\000i\000t\000-\000L\000e\000a\000k\000a\000g\000e\000\040\000M\000i\000t\000i\000g\000a\000t\000i\000o\000n\000\040\000O\000u\000t\000c\000o\000m\000e\000s}{section.8.3}% 109
\BOOKMARK [1][-]{section.8.4}{\376\377\000P\000r\000e\000d\000i\000c\000t\000i\000v\000e\000\040\000M\000o\000d\000e\000l\000i\000n\000g\000\040\000R\000e\000s\000u\000l\000t\000s}{chapter.8}% 110
\BOOKMARK [2][-]{subsection.8.4.1}{\376\377\0002\0000\0004\0008\000-\000B\000i\000t\000\040\000R\000e\000a\000l\000-\000S\000M\000I\000L\000E\000S\000\040\000F\000i\000n\000g\000e\000r\000p\000r\000i\000n\000t\000\040\000U\000p\000g\000r\000a\000d\000e}{section.8.4}% 111
\BOOKMARK [2][-]{subsection.8.4.2}{\376\377\000R\000e\000a\000l\000\040\000B\000i\000n\000d\000i\000n\000g\000\040\000S\000M\000I\000L\000E\000S\000\040\000I\000n\000t\000e\000g\000r\000a\000t\000i\000o\000n}{section.8.4}% 112
\BOOKMARK [2][-]{subsection.8.4.3}{\376\377\000h\000E\000R\000G\000\040\000A\000U\000R\000O\000C\000\040\000P\000u\000s\000h}{section.8.4}% 113
\BOOKMARK [1][-]{section.8.5}{\376\377\000C\000a\000l\000i\000b\000r\000a\000t\000i\000o\000n\000\040\000R\000e\000s\000u\000l\000t\000s}{chapter.8}% 114
\BOOKMARK [2][-]{subsection.8.5.1}{\376\377\000T\000e\000m\000p\000e\000r\000a\000t\000u\000r\000e\000\040\000a\000n\000d\000\040\000P\000l\000a\000t\000t\000\040\000S\000c\000a\000l\000i\000n\000g}{section.8.5}% 115
\BOOKMARK [1][-]{section.8.6}{\376\377\000G\000N\000N\000\040\000a\000n\000d\000\040\000F\000u\000s\000i\000o\000n\000\040\000R\000e\000s\000u\000l\000t\000s}{chapter.8}% 116
\BOOKMARK [2][-]{subsection.8.6.1}{\376\377\000G\000N\000N\000\040\000M\000o\000l\000e\000c\000u\000l\000a\000r\000\040\000E\000n\000c\000o\000d\000e\000r}{section.8.6}% 117
\BOOKMARK [2][-]{subsection.8.6.2}{\376\377\000J\000o\000i\000n\000t\000\040\000G\000N\000N\000\040\000a\000n\000d\000\040\000M\000L\000P\000\040\000F\000u\000s\000i\000o\000n}{section.8.6}% 118
\BOOKMARK [1][-]{section.8.7}{\376\377\000N\000e\000u\000r\000a\000l\000\040\000O\000D\000E\000\040\000P\000K\000-\000P\000D\000\040\000I\000n\000t\000e\000g\000r\000a\000t\000i\000o\000n\000\040\000R\000e\000s\000u\000l\000t\000s}{chapter.8}% 119
\BOOKMARK [2][-]{subsection.8.7.1}{\376\377\000C\000o\000n\000c\000e\000n\000t\000r\000a\000t\000i\000o\000n\000-\000T\000i\000m\000e\000\040\000a\000n\000d\000\040\000E\000f\000f\000e\000c\000t\000\040\000P\000r\000o\000f\000i\000l\000e\000s}{section.8.7}% 120
\BOOKMARK [1][-]{section.8.8}{\376\377\000R\000a\000p\000i\000d\000D\000o\000c\000k\000\040\000P\000r\000o\000t\000o\000t\000y\000p\000e\000\040\000O\000u\000t\000c\000o\000m\000e\000s}{chapter.8}% 121
\BOOKMARK [2][-]{subsection.8.8.1}{\376\377\000T\000r\000a\000i\000n\000i\000n\000g\000\040\000C\000o\000n\000v\000e\000r\000g\000e\000n\000c\000e}{section.8.8}% 122
\BOOKMARK [2][-]{subsection.8.8.2}{\376\377\000A\000r\000c\000h\000i\000t\000e\000c\000t\000u\000r\000e\000\040\000V\000a\000l\000i\000d\000a\000t\000i\000o\000n}{section.8.8}% 123
\BOOKMARK [2][-]{subsection.8.8.3}{\376\377\000L\000i\000g\000a\000n\000d\000\040\000C\000o\000o\000r\000d\000i\000n\000a\000t\000e\000\040\000R\000e\000c\000o\000n\000s\000t\000r\000u\000c\000t\000i\000o\000n}{section.8.8}% 124
\BOOKMARK [2][-]{subsection.8.8.4}{\376\377\000S\000c\000o\000p\000e\000\040\000a\000n\000d\000\040\000L\000i\000m\000i\000t\000a\000t\000i\000o\000n\000s}{section.8.8}% 125
\BOOKMARK [1][-]{section.8.9}{\376\377\000P\000K\000-\000P\000D\000\040\000a\000n\000d\000\040\000D\000e\000c\000i\000s\000i\000o\000n\000\040\000A\000n\000a\000l\000y\000t\000i\000c\000s\000\040\000R\000e\000s\000u\000l\000t\000s}{chapter.8}% 126
\BOOKMARK [1][-]{section.8.10}{\376\377\000I\000n\000t\000e\000r\000p\000r\000e\000t\000a\000b\000i\000l\000i\000t\000y\000\040\000R\000e\000s\000u\000l\000t\000s}{chapter.8}% 127
\BOOKMARK [2][-]{subsection.8.10.1}{\376\377\000F\000e\000a\000t\000u\000r\000e\000\040\000A\000t\000t\000r\000i\000b\000u\000t\000i\000o\000n\000\040\000a\000n\000d\000\040\000M\000o\000d\000e\000l\000\040\000I\000n\000t\000e\000r\000p\000r\000e\000t\000a\000t\000i\000o\000n}{section.8.10}% 128
\BOOKMARK [0][-]{chapter.9}{\376\377\000D\000i\000s\000c\000u\000s\000s\000i\000o\000n}{}% 129
\BOOKMARK [1][-]{section.9.1}{\376\377\000I\000n\000t\000e\000r\000p\000r\000e\000t\000a\000t\000i\000o\000n\000\040\000o\000f\000\040\000K\000e\000y\000\040\000F\000i\000n\000d\000i\000n\000g\000s}{chapter.9}% 130
\BOOKMARK [2][-]{subsection.9.1.1}{\376\377\000S\000t\000r\000u\000c\000t\000u\000r\000a\000l\000\040\000I\000n\000f\000o\000r\000m\000a\000t\000i\000o\000n\000\040\000I\000s\000\040\000E\000s\000s\000e\000n\000t\000i\000a\000l}{section.9.1}% 131
\BOOKMARK [2][-]{subsection.9.1.2}{\376\377\000A\000r\000c\000h\000i\000t\000e\000c\000t\000u\000r\000e\000\040\000a\000n\000d\000\040\000C\000a\000l\000i\000b\000r\000a\000t\000i\000o\000n\000\040\000A\000r\000e\000\040\000J\000o\000i\000n\000t\000l\000y\000\040\000I\000m\000p\000o\000r\000t\000a\000n\000t}{section.9.1}% 132
\BOOKMARK [2][-]{subsection.9.1.3}{\376\377\000C\000o\000m\000p\000l\000e\000m\000e\000n\000t\000a\000r\000i\000t\000y\000\040\000o\000f\000\040\000G\000r\000a\000p\000h\000\040\000a\000n\000d\000\040\000F\000i\000n\000g\000e\000r\000p\000r\000i\000n\000t\000\040\000F\000e\000a\000t\000u\000r\000e\000s}{section.9.1}% 133
\BOOKMARK [1][-]{section.9.2}{\376\377\000P\000h\000a\000r\000m\000a\000c\000o\000k\000i\000n\000e\000t\000i\000c\000\040\000S\000i\000m\000u\000l\000a\000t\000i\000o\000n\000\040\000V\000a\000l\000i\000d\000a\000t\000i\000o\000n}{chapter.9}% 134
\BOOKMARK [1][-]{section.9.3}{\376\377\000L\000i\000m\000i\000t\000a\000t\000i\000o\000n\000s}{chapter.9}% 135
\BOOKMARK [1][-]{section.9.4}{\376\377\000C\000o\000m\000p\000a\000r\000i\000s\000o\000n\000\040\000w\000i\000t\000h\000\040\000R\000e\000l\000a\000t\000e\000d\000\040\000W\000o\000r\000k}{chapter.9}% 136
\BOOKMARK [0][-]{chapter.10}{\376\377\000C\000o\000n\000c\000l\000u\000s\000i\000o\000n\000\040\000a\000n\000d\000\040\000F\000u\000t\000u\000r\000e\000\040\000W\000o\000r\000k}{}% 137
\BOOKMARK [0][-]{chapter*.2}{\376\377\000A\000p\000p\000e\000n\000d\000i\000x}{}% 138
\BOOKMARK [0][-]{chapter*.6}{\376\377\000R\000e\000f\000e\000r\000e\000n\000c\000e\000s}{}% 139
